<?xml version="1.0" encoding="utf-8"?><testsuites name="pytest tests"><testsuite name="pytest" errors="0" failures="0" skipped="0" tests="10" time="0.080" timestamp="2026-08-27T21:50:24.274623+00:00" hostname="4d50268633e6"><testcase classname="tests.test_gemini_face_reference_reopen_canary" name="test_reopen_canary_is_one_scene07_request_with_standing_authorization" time="0.005" /><testcase classname="tests.test_gemini_face_reference_reopen_canary" name="test_reopen_canary_rejects_scope_or_lineage_expansion[budget]" time="0.001" /><testcase classname="tests.test_gemini_face_reference_reopen_canary" name="test_reopen_canary_rejects_scope_or_lineage_expansion[scene]" time="0.001" /><testcase classname="tests.test_gemini_face_reference_reopen_canary" name="test_reopen_canary_rejects_scope_or_lineage_expansion[scene42]" time="0.001" /><testcase classname="tests.test_gemini_face_reference_reopen_canary" name="test_reopen_canary_rejects_scope_or_lineage_expansion[face]" time="0.001" /><testcase classname="tests.test_gemini_face_reference_reopen_canary" name="test_reopen_canary_rejects_scope_or_lineage_expansion[continuation]" time="0.001" /><testcase classname="tests.test_gemini_face_reference_reopen_canary" name="test_reopen_canary_rejects_scope_or_lineage_expansion[status_source]" time="0.000" /><testcase classname="tests.test_gemini_face_reference_reopen_canary" name="test_reopen_canary_requires_current_window_first_review_and_latest_503" time="0.002" /><testcase classname="tests.test_gemini_face_reference_reopen_canary" name="test_reopen_canary_preserves_existing_reserved_exposure" time="0.002" /><testcase classname="tests.test_gemini_face_reference_reopen_canary" name="test_scene_summary_counts_only_scene07_lineage_not_whole_ledger" time="0.001" /></testsuite></testsuites>