<?xml version="1.0" encoding="utf-8"?><testsuites name="pytest tests"><testsuite name="pytest" errors="0" failures="0" skipped="0" tests="82" time="9.971" timestamp="2026-08-26T16:44:34.439997+00:00" hostname="d5a88d4849c2"><testcase classname="tests.test_image_text_contract" name="test_scene_local_approved_english_or_korean_text_is_preserved" time="0.002" /><testcase classname="tests.test_image_text_contract" name="test_financial_number_is_reserved_for_deterministic_surface_renderer" time="0.001" /><testcase classname="tests.test_image_text_contract" name="test_generated_base_raster_financial_number_is_detected_even_when_approved" time="0.000" /><testcase classname="tests.test_image_text_contract" name="test_global_verified_facts_do_not_expand_current_scene_allowlist" time="0.000" /><testcase classname="tests.test_image_text_contract" name="test_unapproved_job52_prompt_payloads_are_detected_without_banning_all_text" time="0.001" /><testcase classname="tests.test_image_text_contract" name="test_removing_unapproved_short_label_does_not_create_a_malformed_word" time="0.000" /><testcase classname="tests.test_image_text_contract" name="test_ocr_fast_gate_defers_unlisted_nonnumeric_text_to_visual_review" time="0.000" /><testcase classname="tests.test_image_text_contract" name="test_ocr_fast_gate_rejects_unplanned_duplicate_even_when_spelling_is_approved" time="0.000" /><testcase classname="tests.test_image_text_contract" name="test_ocr_fast_gate_allows_repetition_only_when_surface_plan_requests_it" time="0.000" /><testcase classname="tests.test_image_text_contract" name="test_unapproved_bubble_is_never_promoted_from_bubble_text_alone" time="0.000" /><testcase classname="tests.test_image_text_contract" name="test_multiple_approved_text_surfaces_are_preserved_as_scene_layout_not_one_board" time="0.000" /><testcase classname="tests.test_image_text_contract" name="test_holographic_text_surface_requires_explicit_scene_local_material" time="0.000" /><testcase classname="tests.test_scene_screen_text_planner" name="test_extracts_only_exact_scene_local_terms_and_values" time="0.001" /><testcase classname="tests.test_scene_screen_text_planner" name="test_exact_quoted_phrase_prevents_duplicate_numeric_fragment" time="0.000" /><testcase classname="tests.test_scene_screen_text_planner" name="test_existing_scene_contract_is_never_overwritten" time="0.000" /><testcase classname="tests.test_scene_screen_text_planner" name="test_does_not_invent_a_generic_caption_when_no_approved_display_term_exists" time="0.000" /><testcase classname="tests.test_scene_screen_text_planner" name="test_groups_korean_large_number_units_and_does_not_treat_weeks_as_shares" time="0.000" /><testcase classname="tests.test_scene_screen_text_planner" name="test_preserves_range_and_composite_won_values_as_complete_approved_strings" time="0.000" /><testcase classname="tests.test_scene_screen_text_planner" name="test_keeps_three_entity_labels_and_one_scene_local_numeric_range" time="0.000" /><testcase classname="tests.test_scene_screen_text_planner" name="test_rederives_old_automatic_screen_texts_but_preserves_explicit_contracts" time="0.000" /><testcase classname="tests.test_generated_image_text_gate" name="test_ocr_accepts_approved_text_and_defers_nonnumeric_spelling_to_visual_gate" time="0.004" /><testcase classname="tests.test_generated_image_text_gate" name="test_exact_narration_term_is_allowed_but_derived_word_and_number_are_not" time="0.001" /><testcase classname="tests.test_generated_image_text_gate" name="test_visual_gate_rejects_only_reported_scene_categories" time="0.001" /><testcase classname="tests.test_generated_image_text_gate" name="test_retry_keeps_information_props_and_targets_only_bad_surface" time="0.001" /><testcase classname="tests.test_generated_image_text_gate" name="test_explicit_opaque_equipment_surface_is_binding_without_global_layout" time="0.001" /><testcase classname="tests.test_generated_image_text_gate" name="test_reference_file_content_changes_resume_fingerprint" time="0.001" /><testcase classname="tests.test_generated_image_text_gate" name="test_resume_fingerprint_tracks_final_prompt_not_derived_scene_direction" time="0.000" /><testcase classname="tests.test_generated_image_text_gate" name="test_prompt_cache_key_keeps_content_prompt_separate_from_scene_text_contract" time="0.000" /><testcase classname="tests.test_final_frame_text_integrity" name="test_expected_text_prefers_verified_label_and_value_over_generic_caption" time="0.000" /><testcase classname="tests.test_final_frame_text_integrity" name="test_final_ocr_accepts_exact_approved_korean_across_rows" time="0.000" /><testcase classname="tests.test_final_frame_text_integrity" name="test_final_ocr_rejects_korean_typo_or_gibberish[\ud604\ub825 \ud070\ud48d \uc218\uc815 \uc804\ub9dd]" time="0.000" /><testcase classname="tests.test_final_frame_text_integrity" name="test_final_ocr_rejects_korean_typo_or_gibberish[\ud604\uc7ac \uc804\ub9dd \uc218\uc815 \uacc4\uc0e5\ud658]" time="0.000" /><testcase classname="tests.test_final_frame_text_integrity" name="test_final_ocr_rejects_numeric_character_change" time="0.000" /><testcase classname="tests.test_final_frame_text_integrity" name="test_worker_bakes_caption_on_existing_surface_without_ai_text" time="1.144" /><testcase classname="tests.test_final_frame_text_integrity" name="test_exact_deterministic_pixel_provenance_can_override_tesseract_misread" time="1.062" /><testcase classname="tests.test_final_frame_text_integrity" name="test_tampered_render_region_cannot_use_deterministic_provenance" time="1.076" /><testcase classname="tests.test_final_frame_text_integrity" name="test_worker_refuses_static_coordinate_fallback_when_no_physical_surface_exists" time="0.866" /><testcase classname="tests.test_info_surface_compositor" name="test_v5_primary_region_detection_is_exact_and_rejects_out_of_bounds" time="0.001" /><testcase classname="tests.test_info_surface_compositor" name="test_diegetic_supersample_is_derived_from_quad_size" time="0.006" /><testcase classname="tests.test_info_surface_compositor" name="test_compositor_keeps_larger_diagram_canvas_without_pre_shrink" time="0.203" /><testcase classname="tests.test_info_surface_compositor" name="test_compositor_uses_narrative_override_without_hero_stat_values" time="0.040" /><testcase classname="tests.test_info_surface_compositor" name="test_template_surface_does_not_mask_deterministic_ink_with_generated_texture" time="0.041" /><testcase classname="tests.test_info_surface_compositor" name="test_detector_accepts_template_marker_color_alternative" time="0.029" /><testcase classname="tests.test_info_surface_compositor" name="test_warp_keeps_chain_above_verified_ink" time="0.040" /><testcase classname="tests.test_info_surface_compositor" name="test_data_cutaway_is_a_full_size_one_to_one_replacement" time="0.030" /><testcase classname="tests.test_info_surface_compositor" name="test_v5_no_image_overlay_for_market_chart_without_explicit_contract" time="0.028" /><testcase classname="tests.test_info_surface_compositor" name="test_v5_verified_overlay_present_is_always_false" time="0.001" /><testcase classname="tests.test_info_surface_compositor" name="test_general_scene_routes_approved_financial_text_to_deterministic_surface" time="0.000" /><testcase classname="tests.test_info_surface_compositor" name="test_general_numeric_scene_restores_raw_before_resume_overlay" time="0.000" /><testcase classname="tests.test_info_surface_compositor" name="test_v5_attach_contracts_does_not_inject_verified_overlays" time="0.001" /><testcase classname="tests.test_info_surface_compositor" name="test_v5_market_chart_scene_image_is_not_modified_after_apply_overlays" time="0.028" /><testcase classname="tests.test_info_surface_compositor" name="test_v5_verified_facts_route_to_subtitles_not_image_overlay" time="0.001" /><testcase classname="tests.test_info_surface_compositor" name="test_v5_graph_archetype_also_skips_chart_bake" time="0.027" /><testcase classname="tests.test_info_surface_compositor" name="test_attach_contracts_injects_overlays_for_facts_with_evidence_fields" time="0.001" /><testcase classname="tests.test_info_surface_compositor" name="test_attach_contracts_uses_only_fact_whose_value_occurs_in_current_scene" time="0.000" /><testcase classname="tests.test_info_surface_compositor" name="test_attach_contracts_skips_injection_when_value_not_in_evidence" time="0.000" /><testcase classname="tests.test_info_surface_compositor" name="test_injected_overlays_pass_downstream_validation" time="0.003" /><testcase classname="tests.test_info_surface_phase_b" name="test_text_gate_passes_exact_text_and_rejects_numeric_change" time="0.000" /><testcase classname="tests.test_info_surface_phase_b" name="test_text_gate_allows_only_whitespace_normalization" time="0.000" /><testcase classname="tests.test_info_surface_phase_b" name="test_bar_gate_accepts_same_geometry" time="0.002" /><testcase classname="tests.test_info_surface_phase_b" name="test_bar_gate_rejects_ratio_drift" time="0.002" /><testcase classname="tests.test_info_surface_phase_b" name="test_bar_gate_skips_single_bar" time="0.001" /><testcase classname="tests.test_info_surface_phase_b" name="test_palette_gate_rejects_off_token_colour" time="0.005" /><testcase classname="tests.test_info_surface_phase_b" name="test_edge_gate_rejects_melted_structure" time="0.002" /><testcase classname="tests.test_info_surface_phase_b" name="test_shape_mismatch_fails_before_other_gates" time="0.001" /><testcase classname="tests.test_info_surface_phase_b" name="test_harmonizer_accepts_dry_run_and_only_changes_crop" time="0.011" /><testcase classname="tests.test_info_surface_phase_b" name="test_harmonizer_falls_back_on_gate_failure_and_provider_error" time="0.011" /><testcase classname="tests.test_info_surface_phase_b" name="test_composite_mask_limits_accepted_paste" time="0.008" /><testcase classname="tests.test_surface_detector" name="test_surface_detector_returns_normalised_quad_for_blank_illustrated_panel" time="0.925" /><testcase classname="tests.test_surface_detector" name="test_sliding_detector_finds_large_low_line_density_panel" time="0.839" /><testcase classname="tests.test_surface_detector" name="test_sliding_detector_uses_unoccluded_upper_band_of_scene_native_screen" time="0.839" /><testcase classname="tests.test_surface_detector" name="test_surface_detector_rejects_panel_that_already_contains_large_text" time="1.051" /><testcase classname="tests.test_surface_detector" name="test_surface_detector_rejects_bright_open_background_without_physical_border" time="0.874" /><testcase classname="tests.test_surface_detector" name="test_surface_detector_chooses_highest_confidence_safe_candidate" time="0.011" /><testcase classname="tests.test_surface_detector" name="test_vision_surface_is_cached_by_source_hash_and_reused_without_second_call" time="0.308" /><testcase classname="tests.test_cartoon_ink_surface_snapshots" name="test_four_surface_material_snapshots_are_deterministic" time="0.041" /><testcase classname="tests.test_reference_cleanup_audit" name="test_runtime_whitelist_matches_real_loader" time="0.002" /><testcase classname="tests.test_reference_cleanup_audit" name="test_tool_inputs_not_mistaken_for_default_runtime_assets[character_reference_v4_identity_clean.png]" time="0.000" /><testcase classname="tests.test_reference_cleanup_audit" name="test_tool_inputs_not_mistaken_for_default_runtime_assets[layout_reference_v2_textless.png]" time="0.000" /><testcase classname="tests.test_reference_cleanup_audit" name="test_tool_inputs_not_mistaken_for_default_runtime_assets[style_reference_v4_medium_clean.png]" time="0.000" /><testcase classname="tests.test_reference_cleanup_audit" name="test_rebuild_pixel_source_is_distinct_from_unused_extracted_frames" time="0.000" /><testcase classname="tests.test_reference_cleanup_audit" name="test_new_asset_is_not_silently_classified_for_cleanup" time="0.001" /></testsuite></testsuites>