<?xml version="1.0" encoding="utf-8"?><testsuites name="pytest tests"><testsuite name="pytest" errors="0" failures="0" skipped="0" tests="51" time="0.607" timestamp="2026-08-26T07:12:40.820436+00:00" hostname="d5a88d4849c2"><testcase classname="tests.test_image_request_control" name="test_scene_aliases_share_one_limit[image:21]" time="0.002" /><testcase classname="tests.test_image_request_control" name="test_scene_aliases_share_one_limit[template_regen:21]" time="0.000" /><testcase classname="tests.test_image_request_control" name="test_scene_aliases_share_one_limit[background:21]" time="0.000" /><testcase classname="tests.test_image_request_control" name="test_scene_aliases_share_one_limit[scene-021]" time="0.000" /><testcase classname="tests.test_image_request_control" name="test_scene_aliases_share_one_limit[pilot:image:21]" time="0.000" /><testcase classname="tests.test_image_request_control" name="test_scene_aliases_share_one_limit[image:21:variation:1]" time="0.000" /><testcase classname="tests.test_image_request_control" name="test_scene_aliases_share_one_limit[scene_021]" time="0.000" /><testcase classname="tests.test_image_request_control" name="test_scene_aliases_share_one_limit[pilot:gemini-3-pro-image:scene_021]" time="0.000" /><testcase classname="tests.test_image_request_control" name="test_scene_aliases_share_one_limit[image:00021:variation:1]" time="0.000" /><testcase classname="tests.test_image_request_control" name="test_unrecognized_scene_names_are_not_merged[forecast_021]" time="0.000" /><testcase classname="tests.test_image_request_control" name="test_unrecognized_scene_names_are_not_merged[scene_021_details]" time="0.000" /><testcase classname="tests.test_image_request_control" name="test_unrecognized_scene_names_are_not_merged[company:21]" time="0.001" /><testcase classname="tests.test_image_request_control" name="test_unrecognized_scene_names_are_not_merged[scene-21a]" time="0.000" /><testcase classname="tests.test_image_request_control" name="test_resume_contract_and_model_changes_cannot_reset_total_limit" time="0.019" /><testcase classname="tests.test_image_request_control" name="test_legacy_ledger_counts_cannot_be_reset_by_new_controller[image:21-image:21]" time="0.005" /><testcase classname="tests.test_image_request_control" name="test_legacy_ledger_counts_cannot_be_reset_by_new_controller[image:21-scene-021]" time="0.005" /><testcase classname="tests.test_image_request_control" name="test_legacy_ledger_counts_cannot_be_reset_by_new_controller[scene-021-image:21]" time="0.005" /><testcase classname="tests.test_image_request_control" name="test_legacy_ledger_counts_cannot_be_reset_by_new_controller[image:21-pilot:gemini-3-pro-image:scene_021]" time="0.005" /><testcase classname="tests.test_image_request_control" name="test_legacy_ledger_counts_cannot_be_reset_by_new_controller[pilot:gemini-3-pro-image:scene_021-image:21]" time="0.005" /><testcase classname="tests.test_image_request_control" name="test_unresolved_reservation_is_not_expired_or_reissued" time="0.006" /><testcase classname="tests.test_image_request_control" name="test_post_completion_deadline_persists_with_injected_clock_and_rng" time="0.010" /><testcase classname="tests.test_image_request_control" name="test_shared_project_backoff_caps_at_300_but_jitter_remains" time="0.018" /><testcase classname="tests.test_image_request_control" name="test_retry_after_beyond_local_cap_and_http_date[900]" time="0.006" /><testcase classname="tests.test_image_request_control" name="test_retry_after_beyond_local_cap_and_http_date[Thu, 01 Jan 1970 00:31:40 GMT]" time="0.005" /><testcase classname="tests.test_image_request_control" name="test_invalid_retry_after_does_not_create_unbounded_or_negative_sleep[None]" time="0.000" /><testcase classname="tests.test_image_request_control" name="test_invalid_retry_after_does_not_create_unbounded_or_negative_sleep[invalid]" time="0.000" /><testcase classname="tests.test_image_request_control" name="test_invalid_retry_after_does_not_create_unbounded_or_negative_sleep[NaN]" time="0.000" /><testcase classname="tests.test_image_request_control" name="test_invalid_retry_after_does_not_create_unbounded_or_negative_sleep[inf]" time="0.000" /><testcase classname="tests.test_image_request_control" name="test_invalid_retry_after_does_not_create_unbounded_or_negative_sleep[-4]" time="0.000" /><testcase classname="tests.test_image_request_control" name="test_concurrent_processes_cannot_double_reserve" time="0.185" /><testcase classname="tests.test_image_request_control" name="test_ledger_cross_thread_reservation_and_budget_remain_atomic" time="0.035" /><testcase classname="tests.test_image_request_control" name="test_corrupt_ledger_fails_closed_without_new_request" time="0.001" /><testcase classname="tests.test_image_request_control" name="test_audit_is_required_and_does_not_fall_back" time="0.000" /><testcase classname="tests.test_image_request_control" name="test_redis_stop_or_unavailable_blocks_post[True-True]" time="0.001" /><testcase classname="tests.test_image_request_control" name="test_redis_stop_or_unavailable_blocks_post[False-False]" time="0.001" /><testcase classname="tests.test_image_request_control" name="test_exact_payload_reference_output_hash_and_qa_join" time="0.015" /><testcase classname="tests.test_image_request_control" name="test_http_200_without_image_is_not_qa_rejection" time="0.007" /><testcase classname="tests.test_image_request_control" name="test_failure_does_not_refund_unknown_billing_exposure" time="0.007" /><testcase classname="tests.test_image_request_control" name="test_post_reservation_rechecks_shared_project_cooldown" time="0.006" /><testcase classname="tests.test_image_request_control" name="test_invalid_runtime_limit_cannot_raise_cap_or_switch_state_database" time="0.000" /><testcase classname="tests.test_image_request_control" name="test_worker_shared_cooldown_skips_scenes_without_recovery_or_false_completion" time="0.144" /><testcase classname="tests.test_image_request_control" name="test_assembly_guard_blocks_held_scenes_and_accepts_only_cleared_gate" time="0.001" /><testcase classname="tests.test_image_request_control" name="test_direct_assembly_is_blocked_before_loading_tts_or_invoking_motion" time="0.014" /><testcase classname="tests.test_image_request_control" name="test_v5_router_qa_uses_exact_request_hash" time="0.010" /><testcase classname="tests.test_image_request_control" name="test_audit_metadata_does_not_invalidate_scene_lineage" time="0.000" /><testcase classname="tests.test_reference_cleanup_audit" name="test_runtime_whitelist_matches_real_loader" time="0.001" /><testcase classname="tests.test_reference_cleanup_audit" name="test_tool_inputs_not_mistaken_for_default_runtime_assets[character_reference_v4_identity_clean.png]" time="0.000" /><testcase classname="tests.test_reference_cleanup_audit" name="test_tool_inputs_not_mistaken_for_default_runtime_assets[layout_reference_v2_textless.png]" time="0.000" /><testcase classname="tests.test_reference_cleanup_audit" name="test_tool_inputs_not_mistaken_for_default_runtime_assets[style_reference_v4_medium_clean.png]" time="0.000" /><testcase classname="tests.test_reference_cleanup_audit" name="test_rebuild_pixel_source_is_distinct_from_unused_extracted_frames" time="0.000" /><testcase classname="tests.test_reference_cleanup_audit" name="test_new_asset_is_not_silently_classified_for_cleanup" time="0.000" /></testsuite></testsuites>