<?xml version="1.0" encoding="utf-8"?><testsuites name="pytest tests"><testsuite name="pytest" errors="0" failures="0" skipped="0" tests="68" time="2.285" timestamp="2026-08-26T06:42:00.846343+00:00" hostname="d5a88d4849c2"><testcase classname="tests.test_image_request_control" name="test_scene_aliases_share_one_limit[image:21]" time="0.002" /><testcase classname="tests.test_image_request_control" name="test_scene_aliases_share_one_limit[template_regen:21]" time="0.000" /><testcase classname="tests.test_image_request_control" name="test_scene_aliases_share_one_limit[background:21]" time="0.000" /><testcase classname="tests.test_image_request_control" name="test_scene_aliases_share_one_limit[scene-021]" time="0.000" /><testcase classname="tests.test_image_request_control" name="test_scene_aliases_share_one_limit[pilot:image:21]" time="0.000" /><testcase classname="tests.test_image_request_control" name="test_scene_aliases_share_one_limit[image:21:variation:1]" time="0.000" /><testcase classname="tests.test_image_request_control" name="test_resume_contract_and_model_changes_cannot_reset_total_limit" time="0.031" /><testcase classname="tests.test_image_request_control" name="test_legacy_ledger_counts_cannot_be_reset_by_new_controller" time="0.006" /><testcase classname="tests.test_image_request_control" name="test_unresolved_reservation_is_not_expired_or_reissued" time="0.008" /><testcase classname="tests.test_image_request_control" name="test_post_completion_deadline_persists_with_injected_clock_and_rng" time="0.016" /><testcase classname="tests.test_image_request_control" name="test_shared_project_backoff_caps_at_300_but_jitter_remains" time="0.019" /><testcase classname="tests.test_image_request_control" name="test_retry_after_beyond_local_cap_and_http_date[900]" time="0.006" /><testcase classname="tests.test_image_request_control" name="test_retry_after_beyond_local_cap_and_http_date[Thu, 01 Jan 1970 00:31:40 GMT]" time="0.006" /><testcase classname="tests.test_image_request_control" name="test_invalid_retry_after_does_not_create_unbounded_or_negative_sleep[None]" time="0.000" /><testcase classname="tests.test_image_request_control" name="test_invalid_retry_after_does_not_create_unbounded_or_negative_sleep[invalid]" time="0.000" /><testcase classname="tests.test_image_request_control" name="test_invalid_retry_after_does_not_create_unbounded_or_negative_sleep[NaN]" time="0.000" /><testcase classname="tests.test_image_request_control" name="test_invalid_retry_after_does_not_create_unbounded_or_negative_sleep[inf]" time="0.000" /><testcase classname="tests.test_image_request_control" name="test_invalid_retry_after_does_not_create_unbounded_or_negative_sleep[-4]" time="0.000" /><testcase classname="tests.test_image_request_control" name="test_concurrent_processes_cannot_double_reserve" time="0.300" /><testcase classname="tests.test_image_request_control" name="test_ledger_cross_thread_reservation_and_budget_remain_atomic" time="0.039" /><testcase classname="tests.test_image_request_control" name="test_corrupt_ledger_fails_closed_without_new_request" time="0.001" /><testcase classname="tests.test_image_request_control" name="test_audit_is_required_and_does_not_fall_back" time="0.000" /><testcase classname="tests.test_image_request_control" name="test_redis_stop_or_unavailable_blocks_post[True-True]" time="0.001" /><testcase classname="tests.test_image_request_control" name="test_redis_stop_or_unavailable_blocks_post[False-False]" time="0.000" /><testcase classname="tests.test_image_request_control" name="test_exact_payload_reference_output_hash_and_qa_join" time="0.017" /><testcase classname="tests.test_image_request_control" name="test_http_200_without_image_is_not_qa_rejection" time="0.008" /><testcase classname="tests.test_image_request_control" name="test_failure_does_not_refund_unknown_billing_exposure" time="0.007" /><testcase classname="tests.test_image_request_control" name="test_post_reservation_rechecks_shared_project_cooldown" time="0.006" /><testcase classname="tests.test_image_request_control" name="test_invalid_runtime_limit_cannot_raise_cap_or_switch_state_database" time="0.001" /><testcase classname="tests.test_image_request_control" name="test_worker_shared_cooldown_skips_scenes_without_recovery_or_false_completion" time="0.021" /><testcase classname="tests.test_image_request_control" name="test_assembly_guard_blocks_held_scenes_and_accepts_only_cleared_gate" time="0.001" /><testcase classname="tests.test_image_request_control" name="test_direct_assembly_is_blocked_before_loading_tts_or_invoking_motion" time="0.026" /><testcase classname="tests.test_image_request_control" name="test_v5_router_qa_uses_exact_request_hash" time="0.009" /><testcase classname="tests.test_image_request_control" name="test_audit_metadata_does_not_invalidate_scene_lineage" time="0.001" /><testcase classname="tests.test_provider_request_audit" name="test_each_http_attempt_is_reserved_and_persisted" time="0.013" /><testcase classname="tests.test_provider_request_audit" name="test_reservation_blocks_post_before_a_network_call" time="0.001" /><testcase classname="tests.test_provider_request_audit" name="test_v4_success_record_does_not_duplicate_a_reserved_gemini_attempt" time="0.009" /><testcase classname="tests.test_provider_request_audit" name="test_flash_2k_attempt_uses_its_own_model_rate_and_kind" time="0.011" /><testcase classname="tests.test_provider_request_audit" name="test_kling_success_record_does_not_duplicate_a_reserved_request" time="0.003" /><testcase classname="tests.test_provider_request_audit" name="test_provider_records_one_post_and_defers_instead_of_nested_retry" time="0.010" /><testcase classname="tests.test_provider_request_audit" name="test_reference_payload_order_matches_the_v3_declared_contract" time="0.009" /><testcase classname="tests.test_provider_request_audit" name="test_priority_service_tier_is_a_top_level_generate_content_field" time="0.008" /><testcase classname="tests.test_provider_request_audit" name="test_flash_image_uses_the_same_reference_edit_contract" time="0.008" /><testcase classname="tests.test_image_worker_stability.ImageWorkerStabilityTests" name="test_background_layer_uses_registered_runtime_keys" time="0.001" /><testcase classname="tests.test_image_worker_stability.ImageWorkerStabilityTests" name="test_blur_or_smear_rejection_requires_fresh_scene_candidate" time="0.000" /><testcase classname="tests.test_image_worker_stability.ImageWorkerStabilityTests" name="test_cached_blank_panel_and_unplanned_speech_bubble_are_sanitized" time="0.000" /><testcase classname="tests.test_image_worker_stability.ImageWorkerStabilityTests" name="test_detached_numeric_placard_sentence_is_removed_from_cached_prompt" time="0.000" /><testcase classname="tests.test_image_worker_stability.ImageWorkerStabilityTests" name="test_latest_screen_text_contract_is_combined_at_render_boundary" time="0.001" /><testcase classname="tests.test_image_worker_stability.ImageWorkerStabilityTests" name="test_only_transient_provider_errors_are_retryable" time="0.000" /><testcase classname="tests.test_image_worker_stability.ImageWorkerStabilityTests" name="test_parallel_renderer_accepts_preflight_from_generate_scope" time="0.000" /><testcase classname="tests.test_image_worker_stability.ImageWorkerStabilityTests" name="test_prepaid_credit_exhaustion_is_not_retried_even_when_provider_uses_429" time="0.000" /><testcase classname="tests.test_image_worker_stability.ImageWorkerStabilityTests" name="test_screen_text_contract_does_not_invalidate_content_prompt_cache" time="0.000" /><testcase classname="tests.test_image_worker_stability.ImageWorkerStabilityTests" name="test_single_worker_circuit_breaker_does_not_start_the_next_scene" time="0.020" /><testcase classname="tests.test_v5_gemini_provider" name="test_gemini_estimate_requires_explicit_approved_rate" time="0.001" /><testcase classname="tests.test_v5_gemini_provider" name="test_p1_comparison_forces_one_provider_attempt" time="0.001" /><testcase classname="tests.test_v5_gemini_provider" name="test_provider_selects_scene_relevant_job52_references_when_callers_omit_them" time="0.001" /><testcase classname="tests.test_v5_gemini_provider" name="test_style_only_reference_does_not_turn_into_a_mascot_identity" time="0.001" /><testcase classname="tests.test_v5_gemini_provider" name="test_default_reference_bank_uses_job52_scene_range_not_mismatched_single_sheets" time="0.001" /><testcase classname="tests.test_v5_gemini_provider" name="test_semiconductor_context_uses_approved_production_scenes_not_hologram_data_lab" time="0.001" /><testcase classname="tests.test_v5_gemini_provider" name="test_contextual_reference_selection_preserves_explicit_character_and_uses_only_nearby_style_refs" time="0.001" /><testcase classname="tests.test_v5_gemini_provider" name="test_contextual_reference_selection_can_reduce_only_the_second_style_reference_after_transient_failure" time="0.001" /><testcase classname="tests.test_v5_provider_router" name="test_final_scenes_route_to_gemini_and_drafts_to_klein" time="0.001" /><testcase classname="tests.test_v5_provider_router" name="test_final_scene_uses_klein_only_when_gemini_final_budget_is_short" time="0.000" /><testcase classname="tests.test_v5_provider_router" name="test_router_records_every_render_and_never_makes_a_silent_cutaway" time="0.001" /><testcase classname="tests.test_v5_provider_router" name="test_quality_gate_retries_exactly_once_and_records_both_attempts" time="0.920" /><testcase classname="tests.test_v5_provider_router" name="test_screen_panel_failure_never_triggers_automatic_regeneration" time="0.395" /><testcase classname="tests.test_v5_provider_router" name="test_unapproved_final_lane_cannot_make_a_paid_render" time="0.002" /><testcase classname="tests.test_v5_provider_router" name="test_default_final_lane_is_open" time="0.001" /></testsuite></testsuites>